[0m[[0m[0mdebug[0m] [0m[0m> Exec(test, Some(546ae887-1076-41d0-900f-56b736d95707), Some(CommandSource(console0)))[0m
[0m[[0m[0mdebug[0m] [0m[0mEvaluating tasks: Test / test[0m
[0m[[0m[0mdebug[0m] [0m[0mRunning task... Cancel: Signal, check cycles: false, forcegc: true[0m
[0m[[0m[0minfo[0m] [0m[0mcompiling 1 Scala source to /Users/mac/IdeaProjects/LSL-P-lightbend-scala-language-professional/exercises/exercises/target/scala-2.13/test-classes ...[0m
[0m[[0m[0minfo[0m] [0m[0m[32mTrainSpec:[0m[0m
[0m[[0m[0minfo[0m] [0m[0m[32mCreating a Train[0m[0m
[0m[[0m[0minfo[0m] [0m[0m[32m- should throw an IllegalArgumentException for a schedule with 0 or 1 elements[0m[0m
[0m[[0m[0minfo[0m] [0m[0m[32mstations[0m[0m
[0m[[0m[0minfo[0m] [0m[0m[32m- should be initialized correctly[0m[0m
[0m[[0m[0minfo[0m] [0m[0m[32mTimeSpec:[0m[0m
[0m[[0m[0minfo[0m] [0m[0m[32mCreating a Time[0m[0m
[0m[[0m[0minfo[0m] [0m[0m[32m- should throw an IllegalArgumentException for hours not within 0 and 23[0m[0m
[0m[[0m[0minfo[0m] [0m[0m[32m- should throw an IllegalArgumentException for minutes not within 0 and 59[0m[0m
[0m[[0m[0minfo[0m] [0m[0m[32mThe default arguments for hours and minutes[0m[0m
[0m[[0m[0minfo[0m] [0m[0m[32m- should be equal to 0[0m[0m
[0m[[0m[0minfo[0m] [0m[0m[32masMinutes[0m[0m
[0m[[0m[0minfo[0m] [0m[0m[32m- should be initialized correctly[0m[0m
[0m[[0m[0minfo[0m] [0m[0m[32mCalling minus or -[0m[0m
[0m[[0m[0minfo[0m] [0m[0m[32m- should return the correct difference in minutes[0m[0m
[0m[[0m[0minfo[0m] [0m[0m[32mJourneyPlannerSpec:[0m[0m
[0m[[0m[0minfo[0m] [0m[0m[32mstations[0m[0m
[0m[[0m[0minfo[0m] [0m[0m[32m- should be initialized correctly[0m[0m
[0m[[0m[0minfo[0m] [0m[0m[32mCalling trainsAt[0m[0m
[0m[[0m[0minfo[0m] [0m[0m[32m- should return the correct trains[0m[0m
[0m[[0m[0minfo[0m] [0m[0m[36mRun completed in 846 milliseconds.[0m[0m
[0m[[0m[0minfo[0m] [0m[0m[36mTotal number of tests run: 9[0m[0m
[0m[[0m[0minfo[0m] [0m[0m[36mSuites: completed 3, aborted 0[0m[0m
[0m[[0m[0minfo[0m] [0m[0m[36mTests: succeeded 9, failed 0, canceled 0, ignored 0, pending 0[0m[0m
[0m[[0m[0minfo[0m] [0m[0m[32mAll tests passed.[0m[0m
[0m[[0m[32msuccess[0m] [0m[0mTotal time: 2 s, completed 15 Jun 2021, 05:44:02[0m
[0m[[0m[0mdebug[0m] [0m[0m> Exec(shell, None, None)[0m
