[0m[[0m[0mdebug[0m] [0m[0m> Exec(early(addDefaultCommands), None, None)[0m
[0m[[0m[0mdebug[0m] [0m[0m> Exec(addDefaultCommands, None, None)[0m
[0m[[0m[0mdebug[0m] [0m[0m> Exec(early(initialize), None, None)[0m
[0m[[0m[0mdebug[0m] [0m[0m> Exec(initialize, None, None)[0m
[0m[[0m[0mdebug[0m] [0m[0m> Exec(boot, None, None)[0m
[0m[[0m[0mdebug[0m] [0m[0m> Exec(writeSbtVersion, None, None)[0m
[0m[[0m[0mdebug[0m] [0m[0m> Exec(reload, None, None)[0m
[0m[[0m[0mdebug[0m] [0m[0m> Exec(sbtStashOnFailure, None, None)[0m
[0m[[0m[0mdebug[0m] [0m[0m> Exec(onFailure loadFailed, None, None)[0m
[0m[[0m[0mdebug[0m] [0m[0m> Exec(loadp, None, None)[0m
[0m[[0m[0minfo[0m] [0m[0mwelcome to sbt 1.4.6 (N/A Java 15.0.2)[0m
[0m[[0m[0mdebug[0m] [0m[0mLoad.defaultLoad until apply took 565.238956ms[0m
[0m[[0m[0mdebug[0m] [0m[0m          Load.loadUnit: plugins took 85.554192ms[0m
[0m[[0m[0mdebug[0m] [0m[0m          Load.loadUnit: defsScala took 0.316768ms[0m
[0m[[0m[0mdebug[0m] [0m[0m[Loading] Scanning directory /Users/mac/IdeaProjects/LSL-P-lightbend-scala-language-professional/exercises/project[0m
[0m[[0m[0mdebug[0m] [0m[0m            Load.loadUnit: mkEval took 6.247884ms[0m
[0m[[0m[0mdebug[0m] [0m[0m[Loading] Found non-root projects [0m
[0m[[0m[0mdebug[0m] [0m[0m[Loading] Done in /Users/mac/IdeaProjects/LSL-P-lightbend-scala-language-professional/exercises/project, returning: ()[0m
[0m[[0m[0mdebug[0m] [0m[0mdeducing auto plugins based on known facts Set(Atom(sbt.plugins.CorePlugin)) and clauses Clauses(List(Clause(Atom(sbt.plugins.JvmPlugin),Set(Atom(sbt.plugins.IvyPlugin))), Clause(Atom(sbt.ScriptedPlugin),Set(Atom(sbt.plugins.JvmPlugin))), Clause(Atom(sbt.plugins.SbtPlugin),Set(Atom(sbt.ScriptedPlugin))), Clause(Atom(sbt.plugins.SemanticdbPlugin),Set(Atom(sbt.plugins.JvmPlugin))), Clause(Atom(sbt.plugins.JUnitXmlReportPlugin),Set(Atom(sbt.plugins.JvmPlugin))), Clause(Atom(sbt.plugins.MiniDependencyTreePlugin),Set(Atom(sbt.plugins.JvmPlugin))), Clause(Atom(sbt.plugins.CorePlugin),Set(Atom(sbt.plugins.IvyPlugin))), Clause(Atom(sbt.plugins.IvyPlugin),Set(Atom(sbt.plugins.JvmPlugin))), Clause(Atom(sbt.plugins.JvmPlugin),Set(Atom(sbt.plugins.SemanticdbPlugin))), Clause(Atom(sbt.plugins.JvmPlugin),Set(Atom(sbt.plugins.JUnitXmlReportPlugin))), Clause(Atom(sbt.plugins.CorePlugin),Set(Atom(sbt.plugins.Giter8TemplatePlugin))), Clause(Atom(sbt.plugins.JvmPlugin),Set(Atom(sbt.plugins.MiniDependencyTreePlugin)))))[0m
[0m[[0m[0mdebug[0m] [0m[0m  :: deduced result: Matched(sbt.plugins.CorePlugin,sbt.plugins.Giter8TemplatePlugin,sbt.plugins.IvyPlugin,sbt.plugins.JvmPlugin,sbt.plugins.MiniDependencyTreePlugin,sbt.plugins.JUnitXmlReportPlugin,sbt.plugins.SemanticdbPlugin)[0m
[0m[[0m[0mdebug[0m] [0m[0mPlugins.deducer#function took 21.684214 ms[0m
[0m[[0m[0minfo[0m] [0m[0mloading settings for project exercises-build from plugins.sbt ...[0m
[0m[[0m[0mdebug[0m] [0m[0m              Load.resolveProject(exercises-build) took 53.784914ms[0m
[0m[[0m[0mdebug[0m] [0m[0m            Load.loadTransitive: finalizeProject(Project(id exercises-build, base: /Users/mac/IdeaProjects/LSL-P-lightbend-scala-language-professional/exercises/project, plugins: List(<none>))) took 96.311307ms[0m
[0m[[0m[0mdebug[0m] [0m[0m[Loading] Done in /Users/mac/IdeaProjects/LSL-P-lightbend-scala-language-professional/exercises/project, returning: (exercises-build)[0m
[0m[[0m[0mdebug[0m] [0m[0m          Load.loadUnit: loadedProjectsRaw took 336.627876ms[0m
[0m[[0m[0mdebug[0m] [0m[0m          Load.loadUnit: cleanEvalClasses took 7.547152ms[0m
[0m[[0m[0mdebug[0m] [0m[0m        Load.loadUnit(file:/Users/mac/IdeaProjects/LSL-P-lightbend-scala-language-professional/exercises/project/, ...) took 435.436791ms[0m
[0m[[0m[0mdebug[0m] [0m[0m      Load.apply: load took 5968.553491ms[0m
[0m[[0m[0mdebug[0m] [0m[0m      Load.apply: resolveProjects took 4.782321ms[0m
[0m[[0m[0mdebug[0m] [0m[0m      Load.apply: finalTransforms took 62.301827ms[0m
[0m[[0m[0mdebug[0m] [0m[0m      Load.apply: config.delegates took 7.634906ms[0m
[0m[[0m[0mdebug[0m] [0m[0m      Load.apply: Def.make(settings)... took 381.328314ms[0m
[0m[[0m[0mdebug[0m] [0m[0m      Load.apply: structureIndex took 120.782268ms[0m
[0m[[0m[0mdebug[0m] [0m[0m      Load.apply: mkStreams took 3.978958ms[0m
[0m[[0m[0minfo[0m] [0m[0mloading project definition from /Users/mac/IdeaProjects/LSL-P-lightbend-scala-language-professional/exercises/project[0m
[0m[[0m[0mdebug[0m] [0m[0mRunning task... Cancel: Signal, check cycles: false, forcegc: true[0m
[0m[[0m[0mdebug[0m] [0m[0m    Load.loadUnit: plugins took 8377.325135ms[0m
[0m[[0m[0mdebug[0m] [0m[0m    Load.loadUnit: defsScala took 0.005838ms[0m
[0m[[0m[0mdebug[0m] [0m[0m[Loading] Scanning directory /Users/mac/IdeaProjects/LSL-P-lightbend-scala-language-professional/exercises[0m
[0m[[0m[0mdebug[0m] [0m[0m      Load.loadUnit: mkEval took 0.24334ms[0m
[0m[[0m[0mdebug[0m] [0m[0m[Loading] Found root project base w/ remaining common,exercises[0m
[0m[[0m[0mdebug[0m] [0m[0mdeducing auto plugins based on known facts Set(Atom(sbt.plugins.CorePlugin)) and clauses Clauses(List(Clause(Atom(sbt.plugins.JvmPlugin),Set(Atom(sbt.plugins.IvyPlugin))), Clause(Atom(sbt.ScriptedPlugin),Set(Atom(sbt.plugins.JvmPlugin))), Clause(Atom(sbt.plugins.SbtPlugin),Set(Atom(sbt.ScriptedPlugin))), Clause(Atom(sbt.plugins.SemanticdbPlugin),Set(Atom(sbt.plugins.JvmPlugin))), Clause(Atom(sbt.plugins.JUnitXmlReportPlugin),Set(Atom(sbt.plugins.JvmPlugin))), Clause(Atom(sbt.plugins.MiniDependencyTreePlugin),Set(Atom(sbt.plugins.JvmPlugin))), Clause(Atom(com.typesafe.sbteclipse.plugin.EclipsePlugin),Set(Atom(sbt.plugins.JvmPlugin))), Clause(Atom(com.typesafe.sbt.MultiJvmPlugin),Set(Atom(sbt.plugins.JvmPlugin))), Clause(Atom(sbtassembly.AssemblyPlugin),Set(Atom(sbt.plugins.JvmPlugin))), Clause(Atom(SavedStates),Set(Atom(sbt.plugins.JvmPlugin))), Clause(Atom(ShellPrompt),Set(Atom(sbt.plugins.JvmPlugin))), Clause(Atom(Man),Set(Atom(sbt.plugins.JvmPlugin))), Clause(Atom(Navigation),Set(Atom(sbt.plugins.JvmPlugin))), Clause(Atom(sbt.plugins.CorePlugin),Set(Atom(sbt.plugins.IvyPlugin))), Clause(Atom(sbt.plugins.IvyPlugin),Set(Atom(sbt.plugins.JvmPlugin))), Clause(Atom(sbt.plugins.JvmPlugin),Set(Atom(sbt.plugins.SemanticdbPlugin))), Clause(Atom(sbt.plugins.JvmPlugin),Set(Atom(sbt.plugins.JUnitXmlReportPlugin))), Clause(Atom(sbt.plugins.CorePlugin),Set(Atom(sbt.plugins.Giter8TemplatePlugin))), Clause(Atom(sbt.plugins.JvmPlugin),Set(Atom(sbt.plugins.MiniDependencyTreePlugin))), Clause(Atom(sbt.plugins.JvmPlugin),Set(Atom(com.typesafe.sbteclipse.plugin.EclipsePlugin))), Clause(Atom(sbt.plugins.JvmPlugin),Set(Atom(sbtassembly.AssemblyPlugin))), Clause(Atom(sbt.plugins.JvmPlugin),Set(Atom(SavedStates))), Clause(Atom(sbt.plugins.JvmPlugin),Set(Atom(ShellPrompt))), Clause(Atom(sbt.plugins.JvmPlugin),Set(Atom(Man))), Clause(Atom(sbt.plugins.JvmPlugin),Set(Atom(Navigation)))))[0m
[0m[[0m[0mdebug[0m] [0m[0m  :: deduced result: Matched(sbt.plugins.CorePlugin,sbt.plugins.Giter8TemplatePlugin,sbt.plugins.IvyPlugin,sbt.plugins.JvmPlugin,Navigation,ShellPrompt,SavedStates,com.typesafe.sbteclipse.plugin.EclipsePlugin,sbt.plugins.SemanticdbPlugin,sbt.plugins.JUnitXmlReportPlugin,sbtassembly.AssemblyPlugin,sbt.plugins.MiniDependencyTreePlugin,Man)[0m
[0m[[0m[0mdebug[0m] [0m[0mPlugins.deducer#function took 2.903518 ms[0m
[0m[[0m[0minfo[0m] [0m[0mloading settings for project base from build.sbt ...[0m
[0m[[0m[0mdebug[0m] [0m[0m        Load.resolveProject(base) took 27.785348ms[0m
[0m[[0m[0mdebug[0m] [0m[0m      Load.loadTransitive: finalizeProject(Project(id base, base: /Users/mac/IdeaProjects/LSL-P-lightbend-scala-language-professional/exercises, aggregate: List(LocalProject(common), LocalProject(exercises)), plugins: List(<none>))) took 31.927952ms[0m
[0m[[0m[0mdebug[0m] [0m[0m[Loading] Loading project common @ /Users/mac/IdeaProjects/LSL-P-lightbend-scala-language-professional/exercises/common[0m
[0m[[0m[0mdebug[0m] [0m[0mdeducing auto plugins based on known facts Set(Atom(sbt.plugins.CorePlugin)) and clauses Clauses(List(Clause(Atom(sbt.plugins.JvmPlugin),Set(Atom(sbt.plugins.IvyPlugin))), Clause(Atom(sbt.ScriptedPlugin),Set(Atom(sbt.plugins.JvmPlugin))), Clause(Atom(sbt.plugins.SbtPlugin),Set(Atom(sbt.ScriptedPlugin))), Clause(Atom(sbt.plugins.SemanticdbPlugin),Set(Atom(sbt.plugins.JvmPlugin))), Clause(Atom(sbt.plugins.JUnitXmlReportPlugin),Set(Atom(sbt.plugins.JvmPlugin))), Clause(Atom(sbt.plugins.MiniDependencyTreePlugin),Set(Atom(sbt.plugins.JvmPlugin))), Clause(Atom(com.typesafe.sbteclipse.plugin.EclipsePlugin),Set(Atom(sbt.plugins.JvmPlugin))), Clause(Atom(com.typesafe.sbt.MultiJvmPlugin),Set(Atom(sbt.plugins.JvmPlugin))), Clause(Atom(sbtassembly.AssemblyPlugin),Set(Atom(sbt.plugins.JvmPlugin))), Clause(Atom(SavedStates),Set(Atom(sbt.plugins.JvmPlugin))), Clause(Atom(ShellPrompt),Set(Atom(sbt.plugins.JvmPlugin))), Clause(Atom(Man),Set(Atom(sbt.plugins.JvmPlugin))), Clause(Atom(Navigation),Set(Atom(sbt.plugins.JvmPlugin))), Clause(Atom(sbt.plugins.CorePlugin),Set(Atom(sbt.plugins.IvyPlugin))), Clause(Atom(sbt.plugins.IvyPlugin),Set(Atom(sbt.plugins.JvmPlugin))), Clause(Atom(sbt.plugins.JvmPlugin),Set(Atom(sbt.plugins.SemanticdbPlugin))), Clause(Atom(sbt.plugins.JvmPlugin),Set(Atom(sbt.plugins.JUnitXmlReportPlugin))), Clause(Atom(sbt.plugins.CorePlugin),Set(Atom(sbt.plugins.Giter8TemplatePlugin))), Clause(Atom(sbt.plugins.JvmPlugin),Set(Atom(sbt.plugins.MiniDependencyTreePlugin))), Clause(Atom(sbt.plugins.JvmPlugin),Set(Atom(com.typesafe.sbteclipse.plugin.EclipsePlugin))), Clause(Atom(sbt.plugins.JvmPlugin),Set(Atom(sbtassembly.AssemblyPlugin))), Clause(Atom(sbt.plugins.JvmPlugin),Set(Atom(SavedStates))), Clause(Atom(sbt.plugins.JvmPlugin),Set(Atom(ShellPrompt))), Clause(Atom(sbt.plugins.JvmPlugin),Set(Atom(Man))), Clause(Atom(sbt.plugins.JvmPlugin),Set(Atom(Navigation)))))[0m
[0m[[0m[0mdebug[0m] [0m[0m  :: deduced result: Matched(sbt.plugins.CorePlugin,sbt.plugins.Giter8TemplatePlugin,sbt.plugins.IvyPlugin,sbt.plugins.JvmPlugin,Navigation,ShellPrompt,SavedStates,com.typesafe.sbteclipse.plugin.EclipsePlugin,sbt.plugins.SemanticdbPlugin,sbt.plugins.JUnitXmlReportPlugin,sbtassembly.AssemblyPlugin,sbt.plugins.MiniDependencyTreePlugin,Man)[0m
[0m[[0m[0mdebug[0m] [0m[0mPlugins.deducer#function took 2.334118 ms[0m
[0m[[0m[0minfo[0m] [0m[0mloading settings for project common from build.sbt ...[0m
[0m[[0m[0mdebug[0m] [0m[0m      Load.resolveProject(common) took 2.599537ms[0m
[0m[[0m[0mdebug[0m] [0m[0m[Loading] Loading project exercises @ /Users/mac/IdeaProjects/LSL-P-lightbend-scala-language-professional/exercises/exercises[0m
[0m[[0m[0mdebug[0m] [0m[0mdeducing auto plugins based on known facts Set(Atom(sbt.plugins.CorePlugin)) and clauses Clauses(List(Clause(Atom(sbt.plugins.JvmPlugin),Set(Atom(sbt.plugins.IvyPlugin))), Clause(Atom(sbt.ScriptedPlugin),Set(Atom(sbt.plugins.JvmPlugin))), Clause(Atom(sbt.plugins.SbtPlugin),Set(Atom(sbt.ScriptedPlugin))), Clause(Atom(sbt.plugins.SemanticdbPlugin),Set(Atom(sbt.plugins.JvmPlugin))), Clause(Atom(sbt.plugins.JUnitXmlReportPlugin),Set(Atom(sbt.plugins.JvmPlugin))), Clause(Atom(sbt.plugins.MiniDependencyTreePlugin),Set(Atom(sbt.plugins.JvmPlugin))), Clause(Atom(com.typesafe.sbteclipse.plugin.EclipsePlugin),Set(Atom(sbt.plugins.JvmPlugin))), Clause(Atom(com.typesafe.sbt.MultiJvmPlugin),Set(Atom(sbt.plugins.JvmPlugin))), Clause(Atom(sbtassembly.AssemblyPlugin),Set(Atom(sbt.plugins.JvmPlugin))), Clause(Atom(SavedStates),Set(Atom(sbt.plugins.JvmPlugin))), Clause(Atom(ShellPrompt),Set(Atom(sbt.plugins.JvmPlugin))), Clause(Atom(Man),Set(Atom(sbt.plugins.JvmPlugin))), Clause(Atom(Navigation),Set(Atom(sbt.plugins.JvmPlugin))), Clause(Atom(sbt.plugins.CorePlugin),Set(Atom(sbt.plugins.IvyPlugin))), Clause(Atom(sbt.plugins.IvyPlugin),Set(Atom(sbt.plugins.JvmPlugin))), Clause(Atom(sbt.plugins.JvmPlugin),Set(Atom(sbt.plugins.SemanticdbPlugin))), Clause(Atom(sbt.plugins.JvmPlugin),Set(Atom(sbt.plugins.JUnitXmlReportPlugin))), Clause(Atom(sbt.plugins.CorePlugin),Set(Atom(sbt.plugins.Giter8TemplatePlugin))), Clause(Atom(sbt.plugins.JvmPlugin),Set(Atom(sbt.plugins.MiniDependencyTreePlugin))), Clause(Atom(sbt.plugins.JvmPlugin),Set(Atom(com.typesafe.sbteclipse.plugin.EclipsePlugin))), Clause(Atom(sbt.plugins.JvmPlugin),Set(Atom(sbtassembly.AssemblyPlugin))), Clause(Atom(sbt.plugins.JvmPlugin),Set(Atom(SavedStates))), Clause(Atom(sbt.plugins.JvmPlugin),Set(Atom(ShellPrompt))), Clause(Atom(sbt.plugins.JvmPlugin),Set(Atom(Man))), Clause(Atom(sbt.plugins.JvmPlugin),Set(Atom(Navigation)))))[0m
[0m[[0m[0mdebug[0m] [0m[0m  :: deduced result: Matched(sbt.plugins.CorePlugin,sbt.plugins.Giter8TemplatePlugin,sbt.plugins.IvyPlugin,sbt.plugins.JvmPlugin,Navigation,ShellPrompt,SavedStates,com.typesafe.sbteclipse.plugin.EclipsePlugin,sbt.plugins.SemanticdbPlugin,sbt.plugins.JUnitXmlReportPlugin,sbtassembly.AssemblyPlugin,sbt.plugins.MiniDependencyTreePlugin,Man)[0m
[0m[[0m[0mdebug[0m] [0m[0mPlugins.deducer#function took 2.609792 ms[0m
[0m[[0m[0minfo[0m] [0m[0mloading settings for project exercises from build.sbt ...[0m
[0m[[0m[0mdebug[0m] [0m[0m      Load.resolveProject(exercises) took 1.880558ms[0m
[0m[[0m[0mdebug[0m] [0m[0m[Loading] Done in /Users/mac/IdeaProjects/LSL-P-lightbend-scala-language-professional/exercises, returning: (base, common, exercises)[0m
[0m[[0m[0mdebug[0m] [0m[0m    Load.loadUnit: loadedProjectsRaw took 133.797462ms[0m
[0m[[0m[0mdebug[0m] [0m[0m    Load.loadUnit: cleanEvalClasses took 2.591219ms[0m
[0m[[0m[0mdebug[0m] [0m[0m  Load.loadUnit(file:/Users/mac/IdeaProjects/LSL-P-lightbend-scala-language-professional/exercises/, ...) took 8515.322307ms[0m
[0m[[0m[0mdebug[0m] [0m[0mLoad.apply: load took 8534.842291ms[0m
[0m[[0m[0mdebug[0m] [0m[0mLoad.apply: resolveProjects took 1.159603ms[0m
[0m[[0m[0mdebug[0m] [0m[0mLoad.apply: finalTransforms took 52.273581ms[0m
[0m[[0m[0mdebug[0m] [0m[0mLoad.apply: config.delegates took 1.20482ms[0m
[0m[[0m[0mdebug[0m] [0m[0mLoad.apply: Def.make(settings)... took 210.058544ms[0m
[0m[[0m[0mdebug[0m] [0m[0mLoad.apply: structureIndex took 104.281487ms[0m
[0m[[0m[0mdebug[0m] [0m[0mLoad.apply: mkStreams took 0.002941ms[0m
[0m[[0m[0minfo[0m] [0m[0mset current project to base (in build file:/Users/mac/IdeaProjects/LSL-P-lightbend-scala-language-professional/exercises/)[0m
[0m[[0m[0minfo[0m] [0m[0mset current project to exercises (in build file:/Users/mac/IdeaProjects/LSL-P-lightbend-scala-language-professional/exercises/)[0m
[0m[[0m[33mwarn[0m] [0m[0mthere are 10 keys that are not used by any other settings/tasks:[0m
[0m[[0m[33mwarn[0m] [0m[0m [0m
[0m[[0m[33mwarn[0m] [0m[0m* ThisBuild / eclipseSkipParents[0m
[0m[[0m[33mwarn[0m] [0m[0m  +- /Users/mac/IdeaProjects/LSL-P-lightbend-scala-language-professional/exercises/project/CommonSettings.scala:16[0m
[0m[[0m[33mwarn[0m] [0m[0m* base / eclipseEclipseOutput[0m
[0m[[0m[33mwarn[0m] [0m[0m  +- /Users/mac/IdeaProjects/LSL-P-lightbend-scala-language-professional/exercises/project/CommonSettings.scala:14[0m
[0m[[0m[33mwarn[0m] [0m[0m* base / eclipseSkipProject[0m
[0m[[0m[33mwarn[0m] [0m[0m  +- /Users/mac/IdeaProjects/LSL-P-lightbend-scala-language-professional/exercises/project/CommonSettings.scala:17[0m
[0m[[0m[33mwarn[0m] [0m[0m* base / eclipseWithSource[0m
[0m[[0m[33mwarn[0m] [0m[0m  +- /Users/mac/IdeaProjects/LSL-P-lightbend-scala-language-professional/exercises/project/CommonSettings.scala:15[0m
[0m[[0m[33mwarn[0m] [0m[0m* common / eclipseEclipseOutput[0m
[0m[[0m[33mwarn[0m] [0m[0m  +- /Users/mac/IdeaProjects/LSL-P-lightbend-scala-language-professional/exercises/project/CommonSettings.scala:14[0m
[0m[[0m[33mwarn[0m] [0m[0m* common / eclipseSkipProject[0m
[0m[[0m[33mwarn[0m] [0m[0m  +- /Users/mac/IdeaProjects/LSL-P-lightbend-scala-language-professional/exercises/common/build.sbt:1[0m
[0m[[0m[33mwarn[0m] [0m[0m* common / eclipseWithSource[0m
[0m[[0m[33mwarn[0m] [0m[0m  +- /Users/mac/IdeaProjects/LSL-P-lightbend-scala-language-professional/exercises/project/CommonSettings.scala:15[0m
[0m[[0m[33mwarn[0m] [0m[0m* exercises / eclipseEclipseOutput[0m
[0m[[0m[33mwarn[0m] [0m[0m  +- /Users/mac/IdeaProjects/LSL-P-lightbend-scala-language-professional/exercises/project/CommonSettings.scala:14[0m
[0m[[0m[33mwarn[0m] [0m[0m* exercises / eclipseSkipProject[0m
[0m[[0m[33mwarn[0m] [0m[0m  +- /Users/mac/IdeaProjects/LSL-P-lightbend-scala-language-professional/exercises/exercises/build.sbt:1[0m
[0m[[0m[33mwarn[0m] [0m[0m* exercises / eclipseWithSource[0m
[0m[[0m[33mwarn[0m] [0m[0m  +- /Users/mac/IdeaProjects/LSL-P-lightbend-scala-language-professional/exercises/project/CommonSettings.scala:15[0m
[0m[[0m[33mwarn[0m] [0m[0m [0m
[0m[[0m[33mwarn[0m] [0m[0mnote: a setting might still be used by a command; to exclude a key from this `lintUnused` check[0m
[0m[[0m[33mwarn[0m] [0m[0meither append it to `Global / excludeLintKeys` or call .withRank(KeyRanks.Invisible) on the key[0m
[0m[[0m[0mdebug[0m] [0m[0m> Exec(sbtPopOnFailure, None, None)[0m
[0m[[0m[0mdebug[0m] [0m[0m> Exec(resumeFromFailure, None, None)[0m
[0m[[0m[0mdebug[0m] [0m[0m> Exec(notifyUsersAboutShell, None, None)[0m
[0m[[0m[0mdebug[0m] [0m[0m> Exec(iflast shell, None, None)[0m
[0m[[0m[0mdebug[0m] [0m[0m> Exec(shell, None, None)[0m
[0m[[0m[0minfo[0m] [0m[0msbt server started at local:///Users/mac/.sbt/1.0/server/cfb756f5b85a30377737/sock[0m
[0m[[0m[0minfo[0m] [0m[0mstarted sbt server[0m
[0m[[0m[0mdebug[0m] [0m[0mForcing garbage collection...[0m
[0m[[0m[0minfo[0m] [0m[0mshutting down sbt server[0m
