[0m[[0m[0mdebug[0m] [0m[0m> Exec(test, Some(d9aedaca-8f16-40e7-8130-c2ed75b82f5a), Some(CommandSource(console0)))[0m
[0m[[0m[0mdebug[0m] [0m[0mEvaluating tasks: Test / test[0m
[0m[[0m[0mdebug[0m] [0m[0mRunning task... Cancel: Signal, check cycles: false, forcegc: true[0m
[0m[[0m[33mwarn[0m] [0m[0mGetting the hostname macs-MacBook-Pro.local was slow (5002.712897 ms). This is likely because the computer's hostname is not set. You can set the hostname with the command: scutil --set HostName $(scutil --get LocalHostName).[0m
[0m[[0m[0minfo[0m] [0m[0mcompiling 1 Scala source to /Users/mac/IdeaProjects/LSL-P-lightbend-scala-language-professional/exercises/exercises/target/scala-2.13/classes ...[0m
[0m[[0m[0minfo[0m] [0m[0mcompiling 1 Scala source to /Users/mac/IdeaProjects/LSL-P-lightbend-scala-language-professional/exercises/exercises/target/scala-2.13/classes ...[0m
[0m[[0m[0minfo[0m] [0m[0mcompiling 4 Scala sources to /Users/mac/IdeaProjects/LSL-P-lightbend-scala-language-professional/exercises/exercises/target/scala-2.13/test-classes ...[0m
[0m[[0m[0minfo[0m] [0m[0m[32mTrainSpec:[0m[0m
[0m[[0m[0minfo[0m] [0m[0m[32mCreating a Train[0m[0m
[0m[[0m[0minfo[0m] [0m[0m[32m- should throw an IllegalArgumentException for a schedule with 0 or 1 elements[0m[0m
[0m[[0m[0minfo[0m] [0m[0m[32mstations[0m[0m
[0m[[0m[0minfo[0m] [0m[0m[32m- should be initialized correctly[0m[0m
[0m[[0m[0minfo[0m] [0m[0m[32mTimeSpec:[0m[0m
[0m[[0m[0minfo[0m] [0m[0m[32mCreating a Time[0m[0m
[0m[[0m[0minfo[0m] [0m[0m[32m- should throw an IllegalArgumentException for hours not within 0 and 23[0m[0m
[0m[[0m[0minfo[0m] [0m[0m[32m- should throw an IllegalArgumentException for minutes not within 0 and 59[0m[0m
[0m[[0m[0minfo[0m] [0m[0m[32mThe default arguments for hours and minutes[0m[0m
[0m[[0m[0minfo[0m] [0m[0m[32m- should be equal to 0[0m[0m
[0m[[0m[0minfo[0m] [0m[0m[32masMinutes[0m[0m
[0m[[0m[0minfo[0m] [0m[0m[32m- should be initialized correctly[0m[0m
[0m[[0m[0minfo[0m] [0m[0m[32mCalling minus or -[0m[0m
[0m[[0m[0minfo[0m] [0m[0m[32m- should return the correct difference in minutes[0m[0m
[0m[[0m[0minfo[0m] [0m[0m[32mCalling toString[0m[0m
[0m[[0m[0minfo[0m] [0m[0m[32m- should return a properly formatted string representation[0m[0m
[0m[[0m[0minfo[0m] [0m[0m[32mJourneyPlannerSpec:[0m[0m
[0m[[0m[0minfo[0m] [0m[0m[32mstations[0m[0m
[0m[[0m[0minfo[0m] [0m[0m[32m- should be initialized correctly[0m[0m
[0m[[0m[0minfo[0m] [0m[0m[32mCalling trainsAt[0m[0m
[0m[[0m[0minfo[0m] [0m[0m[32m- should return the correct trains[0m[0m
[0m[[0m[0minfo[0m] [0m[0m[32mCalling stopsAt[0m[0m
[0m[[0m[0minfo[0m] [0m[0m[32m- should return the correct stops[0m[0m
[0m[[0m[0minfo[0m] [0m[0m[36mRun completed in 928 milliseconds.[0m[0m
[0m[[0m[0minfo[0m] [0m[0m[36mTotal number of tests run: 11[0m[0m
[0m[[0m[0minfo[0m] [0m[0m[36mSuites: completed 3, aborted 0[0m[0m
[0m[[0m[0minfo[0m] [0m[0m[36mTests: succeeded 11, failed 0, canceled 0, ignored 0, pending 0[0m[0m
[0m[[0m[0minfo[0m] [0m[0m[32mAll tests passed.[0m[0m
[0m[[0m[32msuccess[0m] [0m[0mTotal time: 13 s, completed 30 Jun 2021, 09:31:08[0m
[0m[[0m[0mdebug[0m] [0m[0m> Exec(shell, None, None)[0m
[0m[[0m[0mdebug[0m] [0m[0mForcing garbage collection...[0m
[0m[[0m[0minfo[0m] [0m[0mshutting down sbt server[0m
